/app/GMOCAT-modif/envs/ncd.py:227: FutureWarning: You are using `torch.load` with `weights_only=False` (the current default value), which uses the default pickle module implicitly. It is possible to construct malicious pickle data which will execute arbitrary code during unpickling (See https://github.com/pytorch/pytorch/blob/main/SECURITY.md#untrusted-models for more details). In a future release, the default value for `weights_only` will be flipped to `True`. This limits the functions that could be executed during unpickling. Arbitrary objects will no longer be allowed to be loaded via this mode unless they are explicitly allowlisted by the user via `torch.serialization.add_safe_globals`. We recommend you start setting `weights_only=True` for any use case where you don't have full control of the loaded file. Please open an issue on GitHub for any issues related to this experimental feature.
  self.model.load_state_dict(torch.load(path, map_location=torch.device('cpu')), strict=False)
Namespace(seed=145, environment='GCATEnv', data_path='./data/', data_name='dbekt22', agent='GCATAgent', FA='GCAT', CDM='NCD', T=20, ST=[1, 5, 10, 20], gpu_no='0', learning_rate=0.001, training_epoch=2, cdm_lr=0.02, cdm_epoch=4, cdm_bs=128, train_bs=128, test_bs=1024, batch=128, gamma=0.5, latent_factor=256, n_block=1, graph_block=1, n_head=1, dropout_rate=0.1, policy_epoch=1, morl_weights=[1, 1, 1], emb_dim=128, use_graph=True, use_attention=True, store_action=False, student_ids=[0], target_concepts=[0], model='GCATAgent_GCAT_20', user_num=991, item_num=213, know_num=93)
Traceback (most recent call last):
  File "/app/GMOCAT-modif/./launch_gcat.py", line 148, in <module>
    main(sys.argv)
  File "/app/GMOCAT-modif/./launch_gcat.py", line 142, in main
    agents[args.agent](env, fa, args).train()
  File "/app/GMOCAT-modif/agents/GCATAgent.py", line 56, in train
    self.collecting_data_update_model("training", epoch)
  File "/app/GMOCAT-modif/agents/GCATAgent.py", line 110, in collecting_data_update_model
    state = self.env.reset_with_users(selected_users)
            ^^^^^^^^^^^^^^^^^^^^^^^^^^^^^^^^^^^^^^^^^
  File "/app/GMOCAT-modif/envs/GCATEnv.py", line 71, in reset_with_users
    result = self.model.get_knowledge_status(torch.tensor(self.uids).to(self.device), self.know_map)
             ^^^^^^^^^^^^^^^^^^^^^^^^^^^^^^^^^^^^^^^^^^^^^^^^^^^^^^^^^^^^^^^^^^^^^^^^^^^^^^^^^^^^^^^
  File "/app/GMOCAT-modif/envs/ncd.py", line 122, in get_knowledge_status
    return self.estimate_concept_uncertainty(stu_ids, concept_map)
           ^^^^^^^^^^^^^^^^^^^^^^^^^^^^^^^^^^^^^^^^^^^^^^^^^^^^^^^
  File "/app/GMOCAT-modif/envs/ncd.py", line 169, in estimate_concept_uncertainty
    c_expanded = c_tensor.unsqueeze(0).repeat(batch_size, 1).view(-1, num_concepts)
                 ^^^^^^^^^^^^^^^^^^^^^^^^^^^^^^^^^^^^^^^^^^^
RuntimeError: Number of dimensions of repeat dims can not be smaller than number of dimensions of tensor
