/usr/local/python/3.12.1/lib/python3.12/site-packages/dgl/dataloading/__init__.py:18: UserWarning: Optional DGL dataloading components failed to import and will be skipped: No module named 'torchdata.dataloader2'
  warnings.warn(f"Optional DGL dataloading components failed to import and will be skipped: {_err}")
/usr/local/python/3.12.1/lib/python3.12/site-packages/dgl/__init__.py:71: UserWarning: Optional module dgl.distributed failed to import and will be skipped: No module named 'torchdata.dataloader2'
  warnings.warn(f"Optional module dgl.distributed failed to import and will be skipped: {_err}")
/usr/local/python/3.12.1/lib/python3.12/site-packages/torch/utils/data/dataloader.py:558: UserWarning: This DataLoader will create 3 worker processes in total. Our suggested max number of worker in current system is 2, which is smaller than what this DataLoader is going to create. Please be aware that excessive worker creation might get DataLoader running slow or even freeze, lower the worker number to avoid potential slowness/freeze if necessary.
  warnings.warn(_create_warning_msg(
Namespace(seed=145, environment='GCATEnv', data_path='./data/', data_name='dbekt22', agent='GCATAgent', FA='GCAT', CDM='NCD', T=20, ST=[20], gpu_no='0', learning_rate=0.001, training_epoch=1, cdm_lr=0.02, cdm_epoch=1, cdm_bs=32, train_bs=4, test_bs=4, batch=128, gamma=0.5, latent_factor=256, n_block=1, graph_block=1, n_head=1, dropout_rate=0.1, policy_epoch=1, morl_weights=[1, 1, 1], emb_dim=128, use_graph=True, use_attention=True, store_action=False, student_ids=[0], target_concepts=[0], model='GCATAgent_GCAT_20', user_num=1264, item_num=212, know_num=93)
Traceback (most recent call last):
  File "/workspaces/modified-GMOCAT/GMOCAT-modif/./launch_gcat.py", line 148, in <module>
    main(sys.argv)
  File "/workspaces/modified-GMOCAT/GMOCAT-modif/./launch_gcat.py", line 142, in main
    agents[args.agent](env, fa, args).train()
  File "/workspaces/modified-GMOCAT/GMOCAT-modif/agents/GCATAgent.py", line 56, in train
    self.collecting_data_update_model("training", epoch)
  File "/workspaces/modified-GMOCAT/GMOCAT-modif/agents/GCATAgent.py", line 134, in collecting_data_update_model
    logits = self.fa.policy_old.predict(data)
             ^^^^^^^^^^^^^^^^^^^^^^^^^^^^^^^^
  File "/workspaces/modified-GMOCAT/GMOCAT-modif/function/GCAT.py", line 123, in predict
    hidden_state = self.hidden_layer(p_rec, p_target, a_rec, kn_rec, kn_num)
                   ^^^^^^^^^^^^^^^^^^^^^^^^^^^^^^^^^^^^^^^^^^^^^^^^^^^^^^^^^
  File "/workspaces/modified-GMOCAT/GMOCAT-modif/function/GCAT.py", line 86, in hidden_layer
    kn_emb2, exer_emb2 = self.graphencoder(kn_emb, exer_emb)
                         ^^^^^^^^^^^^^^^^^^^^^^^^^^^^^^^^^^^
  File "/usr/local/python/3.12.1/lib/python3.12/site-packages/torch/nn/modules/module.py", line 1532, in _wrapped_call_impl
    return self._call_impl(*args, **kwargs)
           ^^^^^^^^^^^^^^^^^^^^^^^^^^^^^^^^
  File "/usr/local/python/3.12.1/lib/python3.12/site-packages/torch/nn/modules/module.py", line 1541, in _call_impl
    return forward_call(*args, **kwargs)
           ^^^^^^^^^^^^^^^^^^^^^^^^^^^^^
  File "/workspaces/modified-GMOCAT/GMOCAT-modif/function/GCAT.py", line 345, in forward
    kn_emb, exer_emb = layer(kn_emb, exer_emb)
                       ^^^^^^^^^^^^^^^^^^^^^^^
  File "/usr/local/python/3.12.1/lib/python3.12/site-packages/torch/nn/modules/module.py", line 1532, in _wrapped_call_impl
    return self._call_impl(*args, **kwargs)
           ^^^^^^^^^^^^^^^^^^^^^^^^^^^^^^^^
  File "/usr/local/python/3.12.1/lib/python3.12/site-packages/torch/nn/modules/module.py", line 1541, in _call_impl
    return forward_call(*args, **kwargs)
           ^^^^^^^^^^^^^^^^^^^^^^^^^^^^^
  File "/workspaces/modified-GMOCAT/GMOCAT-modif/function/GCAT.py", line 309, in forward
    k_from_e_graph = self.k_from_e(e_k_graph) # e2k
                     ^^^^^^^^^^^^^^^^^^^^^^^^
  File "/usr/local/python/3.12.1/lib/python3.12/site-packages/torch/nn/modules/module.py", line 1532, in _wrapped_call_impl
    return self._call_impl(*args, **kwargs)
           ^^^^^^^^^^^^^^^^^^^^^^^^^^^^^^^^
  File "/usr/local/python/3.12.1/lib/python3.12/site-packages/torch/nn/modules/module.py", line 1541, in _call_impl
    return forward_call(*args, **kwargs)
           ^^^^^^^^^^^^^^^^^^^^^^^^^^^^^
  File "/workspaces/modified-GMOCAT/GMOCAT-modif/function/GCAT.py", line 272, in forward
    self.g.ndata['z'] = z
    ~~~~~~~~~~~~^^^^^
  File "/usr/local/python/3.12.1/lib/python3.12/site-packages/dgl/view.py", line 99, in __setitem__
    self._graph._set_n_repr(self._ntid, self._nodes, {key: val})
  File "/usr/local/python/3.12.1/lib/python3.12/site-packages/dgl/heterograph.py", line 4344, in _set_n_repr
    raise DGLError(
dgl._ffi.base.DGLError: Expect number of features to match number of nodes (len(u)). Got 305 and 306 instead.
