/app/GMOCAT-modif/envs/ncd.py:227: FutureWarning: You are using `torch.load` with `weights_only=False` (the current default value), which uses the default pickle module implicitly. It is possible to construct malicious pickle data which will execute arbitrary code during unpickling (See https://github.com/pytorch/pytorch/blob/main/SECURITY.md#untrusted-models for more details). In a future release, the default value for `weights_only` will be flipped to `True`. This limits the functions that could be executed during unpickling. Arbitrary objects will no longer be allowed to be loaded via this mode unless they are explicitly allowlisted by the user via `torch.serialization.add_safe_globals`. We recommend you start setting `weights_only=True` for any use case where you don't have full control of the loaded file. Please open an issue on GitHub for any issues related to this experimental feature.
  self.model.load_state_dict(torch.load(path, map_location=torch.device('cpu')), strict=False)
Namespace(seed=145, environment='GCATEnv', data_path='./data/', data_name='dbekt22', agent='GCATAgent', FA='GCAT', CDM='NCD', T=20, ST=[1, 5, 10, 20], gpu_no='0', learning_rate=0.001, training_epoch=2, cdm_lr=0.02, cdm_epoch=4, cdm_bs=128, train_bs=128, test_bs=1024, batch=128, gamma=0.5, latent_factor=256, n_block=1, graph_block=1, n_head=1, dropout_rate=0.1, policy_epoch=1, morl_weights=[1, 1, 1], emb_dim=128, use_graph=True, use_attention=True, store_action=False, student_ids=[0], target_concepts=[0], model='GCATAgent_GCAT_20', user_num=991, item_num=213, know_num=93)
Traceback (most recent call last):
  File "/app/GMOCAT-modif/./launch_gcat.py", line 148, in <module>
    main(sys.argv)
  File "/app/GMOCAT-modif/./launch_gcat.py", line 139, in main
    fa = nets[args.FA].create_model(args, local_map)
         ^^^^^^^^^^^^^^^^^^^^^^^^^^^^^^^^^^^^^^^^^^^
  File "/app/GMOCAT-modif/function/GCAT.py", line 245, in create_model
    model = cls(config, local_map)
            ^^^^^^^^^^^^^^^^^^^^^^
  File "/app/GMOCAT-modif/function/GCAT.py", line 158, in __init__
    self.policy = ActorCritic(args, local_map).to(self.device)
                  ^^^^^^^^^^^^^^^^^^^^^^^^^^^^
  File "/app/GMOCAT-modif/function/GCAT.py", line 39, in __init__
    fusion = Fusion(args, local_map)
             ^^^^^^^^^^^^^^^^^^^^^^^
  File "/app/GMOCAT-modif/function/GCAT.py", line 285, in __init__
    self.directed_g = local_map['directed_g'].to(self.device)
                      ^^^^^^^^^^^^^^^^^^^^^^^^^^^^^^^^^^^^^^^
  File "/home/jules/.pyenv/versions/3.12.12/lib/python3.12/site-packages/dgl/heterograph.py", line 5714, in to
    ret._graph = self._graph.copy_to(utils.to_dgl_context(device))
                                     ^^^^^^^^^^^^^^^^^^^^^^^^^^^^
  File "/home/jules/.pyenv/versions/3.12.12/lib/python3.12/site-packages/dgl/utils/internal.py", line 586, in to_dgl_context
    device_id = F.device_id(ctx)
                ^^^^^^^^^^^^^^^^
  File "/home/jules/.pyenv/versions/3.12.12/lib/python3.12/site-packages/dgl/backend/pytorch/tensor.py", line 110, in device_id
    return 0 if ctx.type == "cpu" else th.cuda.current_device()
                                       ^^^^^^^^^^^^^^^^^^^^^^^^
  File "/home/jules/.pyenv/versions/3.12.12/lib/python3.12/site-packages/torch/cuda/__init__.py", line 878, in current_device
    _lazy_init()
  File "/home/jules/.pyenv/versions/3.12.12/lib/python3.12/site-packages/torch/cuda/__init__.py", line 314, in _lazy_init
    torch._C._cuda_init()
RuntimeError: Found no NVIDIA driver on your system. Please check that you have an NVIDIA GPU and installed a driver from http://www.nvidia.com/Download/index.aspx
